20:41:39 **** Build of configuration Default for project FdActivity ****
"C:\\AndroidDev\\android-ndk-r8d\\ndk-build.cmd" 
Install        : libdetection_based_tracker.so => libs/armeabi-v7a/libdetection_based_tracker.so
20:41:40 **** Auto Build of configuration Default for project FdActivity ****
"C:\\AndroidDev\\android-ndk-r8d\\ndk-build.cmd" 
Install        : libdetection_based_tracker.so => libs/armeabi-v7a/libdetection_based_tracker.so
20:41:49 **** Auto Build of configuration Default for project FdActivity ****
"C:\\AndroidDev\\android-ndk-r8d\\ndk-build.cmd" 
Install        : libdetection_based_tracker.so => libs/armeabi-v7a/libdetection_based_tracker.so
20:42:05 **** Incremental Build of configuration Default for project FdActivity ****
"C:\\AndroidDev\\android-ndk-r8d\\ndk-build.cmd" 
Install        : libdetection_based_tracker.so => libs/armeabi-v7a/libdetection_based_tracker.so
20:42:18 **** Auto Build of configuration Default for project FdActivity ****
"C:\\AndroidDev\\android-ndk-r8d\\ndk-build.cmd" 
Install        : libdetection_based_tracker.so => libs/armeabi-v7a/libdetection_based_tracker.so
20:46:20 **** Build of configuration Default for project face-detection ****
"C:\\AndroidDev\\android-ndk-r8d\\ndk-build.cmd" 
jni/Android.mk:8: ../../sdk/native/jni/OpenCV.mk: No such file or directory
make: *** No rule to make target `../../sdk/native/jni/OpenCV.mk'.  Stop.
20:46:24 **** Auto Build of configuration Default for project face-detection ****
"C:\\AndroidDev\\android-ndk-r8d\\ndk-build.cmd" 
jni/Android.mk:8: ../../sdk/native/jni/OpenCV.mk: No such file or directory
make: *** No rule to make target `../../sdk/native/jni/OpenCV.mk'.  Stop.
20:48:01 **** Build of configuration Default for project face-detection ****
"C:\\AndroidDev\\android-ndk-r8d\\ndk-build.cmd" 
jni/Android.mk:8: ../../sdk/native/jni/OpenCV.mk: No such file or directory
make: *** No rule to make target `../../sdk/native/jni/OpenCV.mk'.  Stop.
20:48:02 **** Auto Build of configuration Default for project face-detection ****
"C:\\AndroidDev\\android-ndk-r8d\\ndk-build.cmd" 
jni/Android.mk:8: ../../sdk/native/jni/OpenCV.mk: No such file or directory
make: *** No rule to make target `../../sdk/native/jni/OpenCV.mk'.  Stop.
20:48:03 **** Auto Build of configuration Default for project face-detection ****
"C:\\AndroidDev\\android-ndk-r8d\\ndk-build.cmd" 
jni/Android.mk:8: ../../sdk/native/jni/OpenCV.mk: No such file or directory
make: *** No rule to make target `../../sdk/native/jni/OpenCV.mk'.  Stop.
20:51:16 **** Auto Build of configuration Default for project face-detection ****
"C:\\AndroidDev\\android-ndk-r8d\\ndk-build.cmd" 
jni/Android.mk:8: .../sdk/native/jni/OpenCV.mk: No such file or directory
make: *** No rule to make target `.../sdk/native/jni/OpenCV.mk'.  Stop.
20:51:24 **** Auto Build of configuration Default for project face-detection ****
"C:\\AndroidDev\\android-ndk-r8d\\ndk-build.cmd" 
jni/Android.mk:8: ../sdk/native/jni/OpenCV.mk: No such file or directory
make: *** No rule to make target `../sdk/native/jni/OpenCV.mk'.  Stop.
20:51:33 **** Auto Build of configuration Default for project face-detection ****
"C:\\AndroidDev\\android-ndk-r8d\\ndk-build.cmd" 
jni/Android.mk:8: sdk/native/jni/OpenCV.mk: No such file or directory
make: *** No rule to make target `sdk/native/jni/OpenCV.mk'.  Stop.
20:53:08 **** Auto Build of configuration Default for project face-detection ****
"C:\\AndroidDev\\android-ndk-r8d\\ndk-build.cmd" 
"Compile++ thumb : detection_based_tracker <= DetectionBasedTracker_jni.cpp
SharedLibrary  : libdetection_based_tracker.so
C:/AndroidDev/android-ndk-r8d/toolchains/arm-linux-androideabi-4.6/prebuilt/windows/bin/../lib/gcc/arm-linux-androideabi/4.6/../../../../arm-linux-androideabi/bin/ld.exe: warning: hidden symbol '__aeabi_atexit' in ./obj/local/armeabi-v7a/libgnustl_static.a(atexit_arm.o) is referenced by DSO ../native/jni/../libs/armeabi-v7a/libopencv_java.so
Install        : libdetection_based_tracker.so => libs/armeabi-v7a/libdetection_based_tracker.so
20:54:10 **** Incremental Build of configuration Default for project face-detection ****
"C:\\AndroidDev\\android-ndk-r8d\\ndk-build.cmd" 
Install        : libdetection_based_tracker.so => libs/armeabi-v7a/libdetection_based_tracker.so
20:54:12 **** Auto Build of configuration Default for project face-detection ****
"C:\\AndroidDev\\android-ndk-r8d\\ndk-build.cmd" 
Install        : libdetection_based_tracker.so => libs/armeabi-v7a/libdetection_based_tracker.so
20:55:12 **** Auto Build of configuration Default for project face-detection ****
"C:\\AndroidDev\\android-ndk-r8d\\ndk-build.cmd" 
Install        : libdetection_based_tracker.so => libs/armeabi-v7a/libdetection_based_tracker.so
20:56:24 **** Auto Build of configuration Default for project face-detection ****
"C:\\AndroidDev\\android-ndk-r8d\\ndk-build.cmd" 
Install        : libdetection_based_tracker.so => libs/armeabi-v7a/libdetection_based_tracker.so
20:56:42 **** Auto Build of configuration Default for project face-detection ****
"C:\\AndroidDev\\android-ndk-r8d\\ndk-build.cmd" 
Install        : libdetection_based_tracker.so => libs/armeabi-v7a/libdetection_based_tracker.so
20:56:44 **** Auto Build of configuration Default for project face-detection ****
"C:\\AndroidDev\\android-ndk-r8d\\ndk-build.cmd" 
Install        : libdetection_based_tracker.so => libs/armeabi-v7a/libdetection_based_tracker.so
20:57:29 **** Auto Build of configuration Default for project face-detection ****
"C:\\AndroidDev\\android-ndk-r8d\\ndk-build.cmd" 
Install        : libdetection_based_tracker.so => libs/armeabi-v7a/libdetection_based_tracker.so
20:57:31 **** Auto Build of configuration Default for project face-detection ****
"C:\\AndroidDev\\android-ndk-r8d\\ndk-build.cmd" 
Install        : libdetection_based_tracker.so => libs/armeabi-v7a/libdetection_based_tracker.so
20:57:38 **** Auto Build of configuration Default for project face-detection ****
"C:\\AndroidDev\\android-ndk-r8d\\ndk-build.cmd" 
Install        : libdetection_based_tracker.so => libs/armeabi-v7a/libdetection_based_tracker.so
20:57:40 **** Auto Build of configuration Default for project face-detection ****
"C:\\AndroidDev\\android-ndk-r8d\\ndk-build.cmd" 
Install        : libdetection_based_tracker.so => libs/armeabi-v7a/libdetection_based_tracker.so
20:59:11 **** Auto Build of configuration Default for project face-detection ****
"C:\\AndroidDev\\android-ndk-r8d\\ndk-build.cmd" 
Install        : libdetection_based_tracker.so => libs/armeabi-v7a/libdetection_based_tracker.so
20:59:13 **** Auto Build of configuration Default for project face-detection ****
"C:\\AndroidDev\\android-ndk-r8d\\ndk-build.cmd" 
Install        : libdetection_based_tracker.so => libs/armeabi-v7a/libdetection_based_tracker.so
20:59:27 **** Build of configuration Default for project eyeTracking ****
"C:\\AndroidDev\\android-ndk-r8d\\ndk-build.cmd" 
Install        : libdetection_based_tracker.so => libs/armeabi-v7a/libdetection_based_tracker.so
20:59:28 **** Auto Build of configuration Default for project eyeTracking ****
"C:\\AndroidDev\\android-ndk-r8d\\ndk-build.cmd" 
Install        : libdetection_based_tracker.so => libs/armeabi-v7a/libdetection_based_tracker.so
20:59:52 **** Build of configuration Default for project eyeTracking ****
"C:\\AndroidDev\\android-ndk-r8d\\ndk-build.cmd" 
Install        : libdetection_based_tracker.so => libs/armeabi-v7a/libdetection_based_tracker.so
20:59:57 **** Auto Build of configuration Default for project eyeTracking ****
"C:\\AndroidDev\\android-ndk-r8d\\ndk-build.cmd" 
Install        : libdetection_based_tracker.so => libs/armeabi-v7a/libdetection_based_tracker.so
21:00:28 **** Build of configuration Default for project eyeTracking ****
"C:\\AndroidDev\\android-ndk-r8d\\ndk-build.cmd" 
Install        : libdetection_based_tracker.so => libs/armeabi-v7a/libdetection_based_tracker.so
21:00:30 **** Auto Build of configuration Default for project eyeTracking ****
"C:\\AndroidDev\\android-ndk-r8d\\ndk-build.cmd" 
Install        : libdetection_based_tracker.so => libs/armeabi-v7a/libdetection_based_tracker.so
21:00:32 **** Auto Build of configuration Default for project eyeTracking ****
"C:\\AndroidDev\\android-ndk-r8d\\ndk-build.cmd" 
Install        : libdetection_based_tracker.so => libs/armeabi-v7a/libdetection_based_tracker.so
21:01:54 **** Auto Build of configuration Default for project eyeTracking ****
"C:\\AndroidDev\\android-ndk-r8d\\ndk-build.cmd" 
Install        : libdetection_based_tracker.so => libs/armeabi-v7a/libdetection_based_tracker.so
21:01:56 **** Auto Build of configuration Default for project eyeTracking ****
"C:\\AndroidDev\\android-ndk-r8d\\ndk-build.cmd" 
Install        : libdetection_based_tracker.so => libs/armeabi-v7a/libdetection_based_tracker.so
21:02:22 **** Auto Build of configuration Default for project eyeTracking ****
"C:\\AndroidDev\\android-ndk-r8d\\ndk-build.cmd" 
Install        : libdetection_based_tracker.so => libs/armeabi-v7a/libdetection_based_tracker.so
21:02:26 **** Auto Build of configuration Default for project eyeTracking ****
"C:\\AndroidDev\\android-ndk-r8d\\ndk-build.cmd" 
Install        : libdetection_based_tracker.so => libs/armeabi-v7a/libdetection_based_tracker.so
21:02:35 **** Auto Build of configuration Default for project eyeTracking ****
"C:\\AndroidDev\\android-ndk-r8d\\ndk-build.cmd" 
Install        : libdetection_based_tracker.so => libs/armeabi-v7a/libdetection_based_tracker.so
21:04:53 **** Auto Build of configuration Default for project eyeTracking ****
"C:\\AndroidDev\\android-ndk-r8d\\ndk-build.cmd" 
Install        : libdetection_based_tracker.so => libs/armeabi-v7a/libdetection_based_tracker.so
21:06:10 **** Auto Build of configuration Default for project eyeTracking ****
"C:\\AndroidDev\\android-ndk-r8d\\ndk-build.cmd" 
Install        : libdetection_based_tracker.so => libs/armeabi-v7a/libdetection_based_tracker.so
21:06:22 **** Incremental Build of configuration Default for project eyeTracking ****
"C:\\AndroidDev\\android-ndk-r8d\\ndk-build.cmd" 
Install        : libdetection_based_tracker.so => libs/armeabi-v7a/libdetection_based_tracker.so
21:06:26 **** Auto Build of configuration Default for project eyeTracking ****
"C:\\AndroidDev\\android-ndk-r8d\\ndk-build.cmd" 
Install        : libdetection_based_tracker.so => libs/armeabi-v7a/libdetection_based_tracker.so
13:10:51 **** Build of configuration Default for project eyeTracking ****
"C:\\AndroidDev\\android-ndk-r8d\\ndk-build.cmd" 
Install        : libdetection_based_tracker.so => libs/armeabi-v7a/libdetection_based_tracker.so
13:11:08 **** Auto Build of configuration Default for project eyeTracking ****
"C:\\AndroidDev\\android-ndk-r8d\\ndk-build.cmd" 
Install        : libdetection_based_tracker.so => libs/armeabi-v7a/libdetection_based_tracker.so
13:11:10 **** Auto Build of configuration Default for project eyeTracking ****
"C:\\AndroidDev\\android-ndk-r8d\\ndk-build.cmd" 
Install        : libdetection_based_tracker.so => libs/armeabi-v7a/libdetection_based_tracker.so
13:11:14 **** Auto Build of configuration Default for project eyeTracking ****
"C:\\AndroidDev\\android-ndk-r8d\\ndk-build.cmd" 
Install        : libdetection_based_tracker.so => libs/armeabi-v7a/libdetection_based_tracker.so
13:14:05 **** Auto Build of configuration Default for project eyeTracking ****
"C:\\AndroidDev\\android-ndk-r8d\\ndk-build.cmd" 
Install        : libdetection_based_tracker.so => libs/armeabi-v7a/libdetection_based_tracker.so
13:21:07 **** Auto Build of configuration Default for project eyeTracking ****
"C:\\AndroidDev\\android-ndk-r8d\\ndk-build.cmd" 
Install        : libdetection_based_tracker.so => libs/armeabi-v7a/libdetection_based_tracker.so
13:21:10 **** Build of configuration Default for project eyeTracking ****
"C:\\AndroidDev\\android-ndk-r8d\\ndk-build.cmd" 
Install        : libdetection_based_tracker.so => libs/armeabi-v7a/libdetection_based_tracker.so
13:21:23 **** Auto Build of configuration Default for project eyeTracking ****
"C:\\AndroidDev\\android-ndk-r8d\\ndk-build.cmd" 
Install        : libdetection_based_tracker.so => libs/armeabi-v7a/libdetection_based_tracker.so
13:21:30 **** Auto Build of configuration Default for project eyeTracking ****
"C:\\AndroidDev\\android-ndk-r8d\\ndk-build.cmd" 
Install        : libdetection_based_tracker.so => libs/armeabi-v7a/libdetection_based_tracker.so
14:04:35 **** Auto Build of configuration Default for project eyeTracking ****
"C:\\AndroidDev\\android-ndk-r8d\\ndk-build.cmd" 
Install        : libdetection_based_tracker.so => libs/armeabi-v7a/libdetection_based_tracker.so
14:04:48 **** Auto Build of configuration Default for project eyeTracking ****
"C:\\AndroidDev\\android-ndk-r8d\\ndk-build.cmd" 
Install        : libdetection_based_tracker.so => libs/armeabi-v7a/libdetection_based_tracker.so
14:04:59 **** Auto Build of configuration Default for project eyeTracking ****
"C:\\AndroidDev\\android-ndk-r8d\\ndk-build.cmd" 
Install        : libdetection_based_tracker.so => libs/armeabi-v7a/libdetection_based_tracker.so
14:05:01 **** Auto Build of configuration Default for project eyeTracking ****
"C:\\AndroidDev\\android-ndk-r8d\\ndk-build.cmd" 
Install        : libdetection_based_tracker.so => libs/armeabi-v7a/libdetection_based_tracker.so
14:05:38 **** Auto Build of configuration Default for project eyeTracking ****
"C:\\AndroidDev\\android-ndk-r8d\\ndk-build.cmd" 
Install        : libdetection_based_tracker.so => libs/armeabi-v7a/libdetection_based_tracker.so
